2021-02-28 10:34:04.485  INFO 17320 --- [Test worker] c.f.FiletransclientApplicationTests      : Starting FiletransclientApplicationTests using Java 1.8.0_121 on DESKTOP-R1TA287 with PID 17320 (started by kimhh in C:\Users\kimhh\git\filetrans\filetransclient)
2021-02-28 10:34:04.489  INFO 17320 --- [Test worker] c.f.FiletransclientApplicationTests      : No active profile set, falling back to default profiles: default
2021-02-28 10:34:07.490  INFO 17320 --- [Test worker] o.s.s.concurrent.ThreadPoolTaskExecutor  : Initializing ExecutorService 'applicationTaskExecutor'
2021-02-28 10:34:08.709  INFO 17320 --- [Test worker] c.f.FiletransclientApplicationTests      : Started FiletransclientApplicationTests in 5.042 seconds (JVM running for 7.716)
2021-02-28 10:34:09.280  INFO 17320 --- [SpringContextShutdownHook] o.s.s.concurrent.ThreadPoolTaskExecutor  : Shutting down ExecutorService 'applicationTaskExecutor'
2021-02-28 11:03:16.172  INFO 16716 --- [Test worker] c.f.FiletransclientApplicationTests      : Starting FiletransclientApplicationTests using Java 1.8.0_121 on DESKTOP-R1TA287 with PID 16716 (started by kimhh in C:\Users\kimhh\git\filetrans\filetransclient)
2021-02-28 11:03:16.179  INFO 16716 --- [Test worker] c.f.FiletransclientApplicationTests      : No active profile set, falling back to default profiles: default
2021-02-28 11:03:20.019  INFO 16716 --- [Test worker] o.s.s.concurrent.ThreadPoolTaskExecutor  : Initializing ExecutorService 'applicationTaskExecutor'
2021-02-28 11:03:21.898  INFO 16716 --- [Test worker] c.f.FiletransclientApplicationTests      : Started FiletransclientApplicationTests in 6.347 seconds (JVM running for 8.845)
2021-02-28 11:03:22.445  INFO 16716 --- [SpringContextShutdownHook] o.s.s.concurrent.ThreadPoolTaskExecutor  : Shutting down ExecutorService 'applicationTaskExecutor'
2021-02-28 11:22:25.511  INFO 16664 --- [Test worker] c.f.FiletransclientApplicationTests      : Starting FiletransclientApplicationTests using Java 1.8.0_121 on DESKTOP-R1TA287 with PID 16664 (started by kimhh in C:\Users\kimhh\git\filetrans\filetransclient)
2021-02-28 11:22:25.518  INFO 16664 --- [Test worker] c.f.FiletransclientApplicationTests      : No active profile set, falling back to default profiles: default
2021-02-28 11:22:28.003  INFO 16664 --- [Test worker] o.s.s.concurrent.ThreadPoolTaskExecutor  : Initializing ExecutorService 'applicationTaskExecutor'
2021-02-28 11:22:28.990  INFO 16664 --- [Test worker] c.f.FiletransclientApplicationTests      : Started FiletransclientApplicationTests in 4.002 seconds (JVM running for 6.26)
2021-02-28 11:22:29.404  INFO 16664 --- [SpringContextShutdownHook] o.s.s.concurrent.ThreadPoolTaskExecutor  : Shutting down ExecutorService 'applicationTaskExecutor'
2021-02-28 13:46:57.224  INFO 17448 --- [Test worker] c.f.FiletransclientApplicationTests      : Starting FiletransclientApplicationTests using Java 1.8.0_121 on DESKTOP-R1TA287 with PID 17448 (started by kimhh in C:\Users\kimhh\git\filetrans\filetransclient)
2021-02-28 13:46:57.233  INFO 17448 --- [Test worker] c.f.FiletransclientApplicationTests      : No active profile set, falling back to default profiles: default
2021-02-28 13:47:00.373  INFO 17448 --- [Test worker] o.s.s.concurrent.ThreadPoolTaskExecutor  : Initializing ExecutorService 'applicationTaskExecutor'
2021-02-28 13:47:01.760  INFO 17448 --- [Test worker] c.f.FiletransclientApplicationTests      : Started FiletransclientApplicationTests in 5.301 seconds (JVM running for 8.149)
2021-02-28 13:47:02.242  INFO 17448 --- [SpringContextShutdownHook] o.s.s.concurrent.ThreadPoolTaskExecutor  : Shutting down ExecutorService 'applicationTaskExecutor'
2021-02-28 13:53:41.463  INFO 17580 --- [restartedMain] c.f.FiletransclientApplication           : Starting FiletransclientApplication using Java 1.8.0_121 on DESKTOP-R1TA287 with PID 17580 (C:\Users\kimhh\git\filetrans\filetransclient\bin\main started by kimhh in C:\Users\kimhh\git\filetrans\filetransclient)
2021-02-28 13:53:41.466  INFO 17580 --- [restartedMain] c.f.FiletransclientApplication           : No active profile set, falling back to default profiles: default
2021-02-28 13:53:41.518  INFO 17580 --- [restartedMain] .e.DevToolsPropertyDefaultsPostProcessor : Devtools property defaults active! Set 'spring.devtools.add-properties' to 'false' to disable
2021-02-28 13:53:42.562  WARN 17580 --- [restartedMain] o.s.b.d.a.OptionalLiveReloadServer       : Unable to start LiveReload server
2021-02-28 13:53:42.576  INFO 17580 --- [restartedMain] c.f.FiletransclientApplication           : Started FiletransclientApplication in 1.616 seconds (JVM running for 3.065)
2021-02-28 13:53:42.580  INFO 17580 --- [restartedMain] c.f.FiletransclientApplication           : 파일 전송 배치 시작
2021-02-28 13:53:42.581 ERROR 17580 --- [restartedMain] c.f.controller.FileTransController       : tempFileCreate errorjava.io.FileNotFoundException: BIZ-send\customer_info.txt (지정된 경로를 찾을 수 없습니다)
2021-02-28 13:53:42.581 ERROR 17580 --- [restartedMain] c.f.FiletransclientApplication           : 파일 생성 실패
2021-02-28 13:54:12.418  INFO 14544 --- [Test worker] c.f.FiletransclientApplicationTests      : Starting FiletransclientApplicationTests using Java 1.8.0_121 on DESKTOP-R1TA287 with PID 14544 (started by kimhh in C:\Users\kimhh\git\filetrans\filetransclient)
2021-02-28 13:54:12.424  INFO 14544 --- [Test worker] c.f.FiletransclientApplicationTests      : No active profile set, falling back to default profiles: default
2021-02-28 13:54:15.409  INFO 14544 --- [Test worker] o.s.s.concurrent.ThreadPoolTaskExecutor  : Initializing ExecutorService 'applicationTaskExecutor'
2021-02-28 13:54:16.491  INFO 14544 --- [Test worker] c.f.FiletransclientApplicationTests      : Started FiletransclientApplicationTests in 4.66 seconds (JVM running for 7.203)
2021-02-28 13:54:16.946  INFO 14544 --- [SpringContextShutdownHook] o.s.s.concurrent.ThreadPoolTaskExecutor  : Shutting down ExecutorService 'applicationTaskExecutor'
2021-02-28 14:00:50.223  INFO 8696 --- [Test worker] c.f.FiletransclientApplicationTests      : Starting FiletransclientApplicationTests using Java 1.8.0_121 on DESKTOP-R1TA287 with PID 8696 (started by kimhh in C:\Users\kimhh\git\filetrans\filetransclient)
2021-02-28 14:00:50.231  INFO 8696 --- [Test worker] c.f.FiletransclientApplicationTests      : No active profile set, falling back to default profiles: default
2021-02-28 14:00:53.045  INFO 8696 --- [Test worker] o.s.s.concurrent.ThreadPoolTaskExecutor  : Initializing ExecutorService 'applicationTaskExecutor'
2021-02-28 14:00:54.116  INFO 8696 --- [Test worker] c.f.FiletransclientApplicationTests      : Started FiletransclientApplicationTests in 4.468 seconds (JVM running for 6.925)
2021-02-28 14:00:54.481  INFO 8696 --- [SpringContextShutdownHook] o.s.s.concurrent.ThreadPoolTaskExecutor  : Shutting down ExecutorService 'applicationTaskExecutor'
